<?xml version="1.0" encoding="UTF-8"?>
<!-- Generated by org.testng.reporters.JUnitReportReporter -->
<testsuite hostname="acer-E5-572G" name="axisBank_TestCases.AxisBank_retail_FD_calculator_TC" tests="1" failures="0" timestamp="23 Oct 2020 06:37:22 GMT" time="10.840" errors="0">
  <testcase name="SalesTestDemo" time="10.840" classname="axisBank_TestCases.AxisBank_retail_FD_calculator_TC"/>
</testsuite> <!-- axisBank_TestCases.AxisBank_retail_FD_calculator_TC -->
